<?xml version="1.0" encoding="UTF-8"?>
<!-- Generated by org.testng.reporters.JUnitReportReporter -->
<testsuite hostname="DESKTOP-7B2N1DS" failures="0" tests="1" name="amazon.SelectLanguagetest.AmazonSelectLanguagetest" time="5.990" errors="0" timestamp="2024-08-24T21:53:43 IST" skipped="0">
  <testcase classname="amazon.SelectLanguagetest.AmazonSelectLanguagetest" name="select_language_Testcase" time="5.990"/>
</testsuite> <!-- amazon.SelectLanguagetest.AmazonSelectLanguagetest -->
