<?xml version="1.0" encoding="UTF-8"?>
<!-- Generated by org.testng.reporters.JUnitReportReporter -->
<testsuite hostname="DESKTOP-7B2N1DS" failures="0" tests="1" name="amazon.ProjectTest.AmazonLoginTest" time="6.396" errors="0" timestamp="2024-08-27T23:14:22 IST" skipped="0">
  <testcase classname="amazon.ProjectTest.AmazonLoginTest" name="usernameTestcase" time="6.396"/>
</testsuite> <!-- amazon.ProjectTest.AmazonLoginTest -->
