<?xml version="1.0" encoding="UTF-8"?>
<!-- Generated by org.testng.reporters.JUnitReportReporter -->
<testsuite hostname="DESKTOP-7B2N1DS" failures="0" tests="1" name="amazon.ProjectTest.AmazonSearchTest" time="9.624" errors="0" timestamp="2024-08-26T13:24:45 IST" skipped="0">
  <testcase classname="amazon.ProjectTest.AmazonSearchTest" name="searchTestCase" time="9.624"/>
</testsuite> <!-- amazon.ProjectTest.AmazonSearchTest -->
