<?xml version="1.0" encoding="UTF-8"?>
<!-- Generated by org.testng.reporters.JUnitReportReporter -->
<testsuite hostname="DESKTOP-7B2N1DS" failures="0" tests="1" name="makeMyTripProject.TC_01_RegisterUser" time="16.129" errors="0" timestamp="2024-09-16T13:37:18 IST" skipped="0">
  <testcase classname="makeMyTripProject.TC_01_RegisterUser" name="TestCase01" time="16.129"/>
</testsuite> <!-- makeMyTripProject.TC_01_RegisterUser -->
