<?xml version="1.0" encoding="UTF-8"?>
<!-- Generated by org.testng.reporters.JUnitReportReporter -->
<testsuite hostname="DESKTOP-7B2N1DS" failures="0" tests="1" name="amazonFlights.demoClass" time="10.816" errors="0" timestamp="2024-09-09T14:02:19 IST" skipped="0">
  <testcase classname="amazonFlights.demoClass" name="demo" time="10.816"/>
</testsuite> <!-- amazonFlights.demoClass -->
