<?xml version="1.0" encoding="UTF-8"?>
<!-- Generated by org.testng.reporters.JUnitReportReporter -->
<testsuite hostname="DESKTOP-7B2N1DS" failures="0" tests="2" name="AmazonFlightTest.TC_15_CheckPayement" time="85.382" errors="0" timestamp="2024-09-21T17:45:44 IST" skipped="1">
  <testcase classname="AmazonFlightTest.TC_15_CheckPayement" name="testPayment" time="40.167"/>
  <testcase classname="AmazonFlightTest.TC_15_CheckPayement" name="testPayment" time="45.215">
    <skipped/>
  </testcase> <!-- testPayment -->
</testsuite> <!-- AmazonFlightTest.TC_15_CheckPayement -->
