<?xml version="1.0" encoding="UTF-8"?>
<!-- Generated by org.testng.reporters.JUnitReportReporter -->
<testsuite hostname="DESKTOP-7B2N1DS" failures="0" tests="1" name="AmazonFlightTest.TC_09_MultiplePassenger" time="37.863" errors="0" timestamp="2024-09-21T18:22:46 IST" skipped="0">
  <testcase classname="AmazonFlightTest.TC_09_MultiplePassenger" name="TestMultiple" time="37.863"/>
</testsuite> <!-- AmazonFlightTest.TC_09_MultiplePassenger -->
