<?xml version="1.0" encoding="UTF-8"?>
<!-- Generated by org.testng.reporters.JUnitReportReporter -->
<testsuite hostname="DESKTOP-7B2N1DS" failures="0" tests="1" name="amazon.ProjectTest.TC_11_AmazonCheckout" time="24.365" errors="0" timestamp="2024-09-21T19:17:30 IST" skipped="0">
  <testcase classname="amazon.ProjectTest.TC_11_AmazonCheckout" name="amazonCheckoutCode" time="24.365"/>
</testsuite> <!-- amazon.ProjectTest.TC_11_AmazonCheckout -->
