<?xml version="1.0" encoding="UTF-8"?>
<!-- Generated by org.testng.reporters.JUnitReportReporter -->
<testsuite hostname="DESKTOP-7B2N1DS" failures="0" tests="1" name="amazon.ProjectTest.AmazonManageProfileTest" time="12.862" errors="0" timestamp="2024-08-27T17:37:30 IST" skipped="0">
  <testcase classname="amazon.ProjectTest.AmazonManageProfileTest" name="clickManageProfileTest" time="12.862"/>
</testsuite> <!-- amazon.ProjectTest.AmazonManageProfileTest -->
