<?xml version="1.0" encoding="UTF-8"?>
<!-- Generated by org.testng.reporters.JUnitReportReporter -->
<testsuite hostname="DESKTOP-7B2N1DS" failures="0" tests="1" name="AmazonFlightTest.TC_12_LoginSearchLogout" time="27.592" errors="0" timestamp="2024-09-21T17:45:44 IST" skipped="0">
  <testcase classname="AmazonFlightTest.TC_12_LoginSearchLogout" name="testcaseSearchlogout" time="27.592"/>
</testsuite> <!-- AmazonFlightTest.TC_12_LoginSearchLogout -->
