<?xml version="1.0" encoding="UTF-8"?>
<!-- Generated by org.testng.reporters.JUnitReportReporter -->
<testsuite hostname="DESKTOP-7B2N1DS" failures="0" tests="1" name="AmazonFlightTest.TC_08_SelectSeat" time="31.279" errors="0" timestamp="2024-09-21T18:24:19 IST" skipped="0">
  <testcase classname="AmazonFlightTest.TC_08_SelectSeat" name="TestSeatSelection" time="31.279"/>
</testsuite> <!-- AmazonFlightTest.TC_08_SelectSeat -->
