<?xml version="1.0" encoding="UTF-8"?>
<!-- Generated by org.testng.reporters.JUnitReportReporter -->
<testsuite hostname="DESKTOP-7B2N1DS" failures="0" tests="1" name="amazon.ProjectTest.AmazonRegisterTest" time="5.160" errors="0" timestamp="2024-08-27T12:55:24 IST" skipped="0">
  <testcase classname="amazon.ProjectTest.AmazonRegisterTest" name="amazonRegister" time="5.160"/>
</testsuite> <!-- amazon.ProjectTest.AmazonRegisterTest -->
