<?xml version="1.0" encoding="UTF-8"?>
<!-- Generated by org.testng.reporters.JUnitReportReporter -->
<testsuite hostname="DESKTOP-7B2N1DS" failures="0" tests="1" name="amazon.ProjectTest.AmazonHomeTest" time="1.316" errors="0" timestamp="2024-08-25T01:10:55 IST" skipped="0">
  <testcase classname="amazon.ProjectTest.AmazonHomeTest" name="sign_dropdownTestcase" time="1.316"/>
</testsuite> <!-- amazon.ProjectTest.AmazonHomeTest -->
