<?xml version="1.0" encoding="UTF-8"?>
<!-- Generated by org.testng.reporters.JUnitReportReporter -->
<testsuite hostname="DESKTOP-7B2N1DS" failures="0" tests="1" name="amazon.ProjectTest.TC_12_AmazonPaymentMethodSelectAll" time="28.935" errors="0" timestamp="2024-09-21T19:17:30 IST" skipped="0">
  <testcase classname="amazon.ProjectTest.TC_12_AmazonPaymentMethodSelectAll" name="usingCODOption" time="28.935"/>
</testsuite> <!-- amazon.ProjectTest.TC_12_AmazonPaymentMethodSelectAll -->
