<?xml version="1.0" encoding="UTF-8"?>
<!-- Generated by org.testng.reporters.JUnitReportReporter -->
<testsuite hostname="DESKTOP-7B2N1DS" failures="0" tests="1" name="amazon.ProjectTest.AmazonSearchFilterTest" time="5.487" errors="0" timestamp="2024-08-27T21:51:41 IST" skipped="0">
  <testcase classname="amazon.ProjectTest.AmazonSearchFilterTest" name="searchByCategory" time="5.487"/>
</testsuite> <!-- amazon.ProjectTest.AmazonSearchFilterTest -->
