<?xml version="1.0" encoding="UTF-8"?>
<!-- Generated by org.testng.reporters.JUnitReportReporter -->
<testsuite hostname="DESKTOP-7B2N1DS" failures="0" tests="1" name="amazon.ProjectTest.TC_01_AmazonRegisterTest" time="3.722" errors="0" timestamp="2024-09-06T13:37:33 IST" skipped="0">
  <testcase classname="amazon.ProjectTest.TC_01_AmazonRegisterTest" name="amazonRegister" time="3.722"/>
</testsuite> <!-- amazon.ProjectTest.TC_01_AmazonRegisterTest -->
