<?xml version="1.0" encoding="UTF-8"?>
<!-- Generated by org.testng.reporters.JUnitReportReporter -->
<testsuite hostname="DESKTOP-7B2N1DS" failures="0" tests="1" name="AmazonFlightTest.TC_11_VerifytestfieldsAndOffers" time="31.609" errors="0" timestamp="2024-09-21T18:15:03 IST" skipped="0">
  <testcase classname="AmazonFlightTest.TC_11_VerifytestfieldsAndOffers" name="testCase11" time="31.609"/>
</testsuite> <!-- AmazonFlightTest.TC_11_VerifytestfieldsAndOffers -->
