<?xml version="1.0" encoding="UTF-8"?>
<!-- Generated by org.testng.reporters.JUnitReportReporter -->
<testsuite hostname="DESKTOP-7B2N1DS" failures="0" tests="2" name="AmazonFlightTest.TC_08_SelectSeat" time="73.573" errors="0" timestamp="2024-09-21T18:15:03 IST" skipped="1">
  <testcase classname="AmazonFlightTest.TC_08_SelectSeat" name="TestSeatSelection" time="47.121">
    <skipped/>
  </testcase> <!-- TestSeatSelection -->
  <testcase classname="AmazonFlightTest.TC_08_SelectSeat" name="TestSeatSelection" time="26.452"/>
</testsuite> <!-- AmazonFlightTest.TC_08_SelectSeat -->
