<?xml version="1.0" encoding="UTF-8"?>
<!-- Generated by org.testng.reporters.JUnitReportReporter -->
<testsuite hostname="DESKTOP-7B2N1DS" failures="0" tests="1" name="AmazonFlightTest.TC_13_ApplyCode" time="27.031" errors="0" timestamp="2024-09-21T18:15:03 IST" skipped="0">
  <testcase classname="AmazonFlightTest.TC_13_ApplyCode" name="verifyApplyCode" time="27.031"/>
</testsuite> <!-- AmazonFlightTest.TC_13_ApplyCode -->
