<?xml version="1.0" encoding="UTF-8"?>
<!-- Generated by org.testng.reporters.JUnitReportReporter -->
<testsuite hostname="DESKTOP-7B2N1DS" failures="0" tests="1" name="amazon.ProjectTest.TC_07_AmazonProductDetailsTest" time="9.578" errors="0" timestamp="2024-09-21T19:22:48 IST" skipped="0">
  <testcase classname="amazon.ProjectTest.TC_07_AmazonProductDetailsTest" name="productDetails" time="9.578"/>
</testsuite> <!-- amazon.ProjectTest.TC_07_AmazonProductDetailsTest -->
