<?xml version="1.0" encoding="UTF-8"?>
<!-- Generated by org.testng.reporters.JUnitReportReporter -->
<testsuite hostname="DESKTOP-7B2N1DS" failures="0" tests="2" name="AmazonFlightTest.TC_15_CheckPayement" time="88.384" errors="0" timestamp="2024-09-21T18:15:03 IST" skipped="1">
  <testcase classname="AmazonFlightTest.TC_15_CheckPayement" name="testPayment" time="42.221"/>
  <testcase classname="AmazonFlightTest.TC_15_CheckPayement" name="testPayment" time="46.163">
    <skipped/>
  </testcase> <!-- testPayment -->
</testsuite> <!-- AmazonFlightTest.TC_15_CheckPayement -->
