<?xml version="1.0" encoding="UTF-8"?>
<!-- Generated by org.testng.reporters.JUnitReportReporter -->
<testsuite hostname="DESKTOP-7B2N1DS" failures="0" tests="1" name="amazon.ProjectTest.TC_04_AmazonManageProfileTest" time="19.427" errors="0" timestamp="2024-09-21T19:22:48 IST" skipped="0">
  <testcase classname="amazon.ProjectTest.TC_04_AmazonManageProfileTest" name="clickManageProfileTest" time="19.427"/>
</testsuite> <!-- amazon.ProjectTest.TC_04_AmazonManageProfileTest -->
