<?xml version="1.0" encoding="UTF-8"?>
<!-- Generated by org.testng.reporters.JUnitReportReporter -->
<testsuite hostname="DESKTOP-7B2N1DS" failures="0" tests="1" name="amazon.ProjectTest.AmazonAddToCartTest" time="13.605" errors="0" timestamp="2024-08-30T09:13:27 IST" skipped="0">
  <testcase classname="amazon.ProjectTest.AmazonAddToCartTest" name="addToCart" time="13.605"/>
</testsuite> <!-- amazon.ProjectTest.AmazonAddToCartTest -->
