<?xml version="1.0" encoding="UTF-8"?>
<!-- Generated by org.testng.reporters.JUnitReportReporter -->
<testsuite hostname="DESKTOP-7B2N1DS" failures="0" tests="1" name="amazon.ProjectTest.AmazonSearchFilterTest" time="3.284" errors="0" timestamp="2024-08-30T08:48:40 IST" skipped="0">
  <testcase classname="amazon.ProjectTest.AmazonSearchFilterTest" name="searchByCategory" time="3.284"/>
</testsuite> <!-- amazon.ProjectTest.AmazonSearchFilterTest -->
